<?xml version="1.0" encoding="UTF-8"?>
<!-- Generated by org.testng.reporters.JUnitXMLReporter -->
<testsuite hostname="DESKTOP-JKPPEN4" name="Test" tests="6" failures="1" timestamp="18 Jun 2020 08:11:24 GMT" time="0.109" errors="0">
  <testcase name="f" time="0.023" classname="Analyzer.Class1"/>
  <testcase name="g" time="0.008" classname="Analyzer.Class1">
    <skipped/>
  </testcase> <!-- g -->
  <testcase name="g" time="0.002" classname="Analyzer.Class1">
    <skipped/>
  </testcase> <!-- g -->
  <testcase name="g" time="0.001" classname="Analyzer.Class1">
    <skipped/>
  </testcase> <!-- g -->
  <testcase name="g" time="0.002" classname="Analyzer.Class1">
    <failure type="java.lang.AssertionError" message="expected [true] but found [false]">
      <![CDATA[java.lang.AssertionError: expected [true] but found [false]
	at Analyzer.Class1.g(Class1.java:16)
... Removed 28 stack frames]]>
    </failure>
  </testcase> <!-- g -->
  <testcase name="h" time="0.008" classname="Analyzer.Class1"/>
</testsuite> <!-- Test -->
